[debug] [2023-07-20T21:56:09.660Z] ----------------------------------------------------------------------
[debug] [2023-07-20T21:56:09.662Z] Command:       C:\Program Files\nodejs\node.exe C:\Users\football8\AppData\Roaming\npm\node_modules\firebase-tools\lib\bin\firebase.js deploy
[debug] [2023-07-20T21:56:09.663Z] CLI Version:   11.24.1
[debug] [2023-07-20T21:56:09.663Z] Platform:      win32
[debug] [2023-07-20T21:56:09.663Z] Node Version:  v16.13.2
[debug] [2023-07-20T21:56:09.664Z] Time:          Thu Jul 20 2023 14:56:09 GMT-0700 (Pacific Daylight Time)
[debug] [2023-07-20T21:56:09.664Z] ----------------------------------------------------------------------
[debug] 
[debug] [2023-07-20T21:56:09.747Z] Field ".hosting" in "firebase.json" is possibly invalid: should be object
[debug] [2023-07-20T21:56:09.747Z] Object ".hosting[0]" in "firebase.json" is missing required property: {"missingProperty":"target"}
[debug] [2023-07-20T21:56:09.748Z] Object ".hosting[0]" in "firebase.json" is missing required property: {"missingProperty":"site"}
[debug] [2023-07-20T21:56:09.748Z] Field ".hosting[0]" in "firebase.json" is possibly invalid: should match some schema in anyOf
[debug] [2023-07-20T21:56:09.748Z] Field ".hosting" in "firebase.json" is possibly invalid: should match some schema in anyOf
[debug] [2023-07-20T21:56:09.754Z] > command requires scopes: ["email","openid","https://www.googleapis.com/auth/cloudplatformprojects.readonly","https://www.googleapis.com/auth/firebase","https://www.googleapis.com/auth/cloud-platform"]
[debug] [2023-07-20T21:56:09.755Z] > authorizing via signed-in user (boris.nezlobin@gmail.com)
[debug] [2023-07-20T21:56:09.755Z] [iam] checking project palo-alto-high-school for permissions ["firebase.projects.get","firebasehosting.sites.update"]
[debug] [2023-07-20T21:56:09.758Z] >>> [apiv2][query] POST https://cloudresourcemanager.googleapis.com/v1/projects/palo-alto-high-school:testIamPermissions [none]
[debug] [2023-07-20T21:56:09.758Z] >>> [apiv2][(partial)header] POST https://cloudresourcemanager.googleapis.com/v1/projects/palo-alto-high-school:testIamPermissions x-goog-quota-user=projects/palo-alto-high-school
[debug] [2023-07-20T21:56:09.758Z] >>> [apiv2][body] POST https://cloudresourcemanager.googleapis.com/v1/projects/palo-alto-high-school:testIamPermissions {"permissions":["firebase.projects.get","firebasehosting.sites.update"]}
[debug] [2023-07-20T21:56:10.052Z] <<< [apiv2][status] POST https://cloudresourcemanager.googleapis.com/v1/projects/palo-alto-high-school:testIamPermissions 200
[debug] [2023-07-20T21:56:10.052Z] <<< [apiv2][body] POST https://cloudresourcemanager.googleapis.com/v1/projects/palo-alto-high-school:testIamPermissions {"permissions":["firebase.projects.get","firebasehosting.sites.update"]}
[debug] [2023-07-20T21:56:10.054Z] >>> [apiv2][query] GET https://firebase.googleapis.com/v1beta1/projects/palo-alto-high-school [none]
[debug] [2023-07-20T21:56:10.318Z] <<< [apiv2][status] GET https://firebase.googleapis.com/v1beta1/projects/palo-alto-high-school 200
[debug] [2023-07-20T21:56:10.319Z] <<< [apiv2][body] GET https://firebase.googleapis.com/v1beta1/projects/palo-alto-high-school {"projectId":"palo-alto-high-school","projectNumber":"952486015120","displayName":"Palo Alto High School","name":"projects/palo-alto-high-school","resources":{"hostingSite":"palo-alto-high-school"},"state":"ACTIVE","etag":"1_f2d49b95-b943-45dd-ab2b-85167eccfbe8"}
[info] 
[info] === Deploying to 'palo-alto-high-school'...
[info] 
[info] i  deploying hosting 
[error] 
[error] Error: Assertion failed: resolving hosting target of a site with no site name or target name. This should have caused an error earlier
